Using pre-set license
Built from '2021.3/staging' branch; Version is '2021.3.5f1 (40eb3a945986) revision 4254522'; Using compiler version '192829333'; Build Type 'Release'
OS: 'Windows 7  (6.1.0) 64bit Ultimate' Language: 'pt' Physical Memory: 7896 MB
BatchMode: 1, IsHumanControllingUs: 0, StartBugReporterOnCrash: 0, Is64bit: 1, IsPro: 1

COMMAND LINE ARGUMENTS:
D:\Unity Hub\2021.3.5f1\Editor\Unity.exe
-adb2
-batchMode
-noUpm
-name
AssetImportWorker0
-projectPath
E:/Unity/Projetos/Holy-Knight/Holy Knight
-logFile
Logs/AssetImportWorker0.log
-srvPort
56721
Successfully changed project path to: E:/Unity/Projetos/Holy-Knight/Holy Knight
E:/Unity/Projetos/Holy-Knight/Holy Knight
[UnityMemory] Configuration Parameters - Can be set up in boot.config
    "memorysetup-bucket-allocator-granularity=16"
    "memorysetup-bucket-allocator-bucket-count=8"
    "memorysetup-bucket-allocator-block-size=33554432"
    "memorysetup-bucket-allocator-block-count=8"
    "memorysetup-main-allocator-block-size=16777216"
    "memorysetup-thread-allocator-block-size=16777216"
    "memorysetup-gfx-main-allocator-block-size=16777216"
    "memorysetup-gfx-thread-allocator-block-size=16777216"
    "memorysetup-cache-allocator-block-size=4194304"
    "memorysetup-typetree-allocator-block-size=2097152"
    "memorysetup-profiler-bucket-allocator-granularity=16"
    "memorysetup-profiler-bucket-allocator-bucket-count=8"
    "memorysetup-profiler-bucket-allocator-block-size=33554432"
    "memorysetup-profiler-bucket-allocator-block-count=8"
    "memorysetup-profiler-allocator-block-size=16777216"
    "memorysetup-profiler-editor-allocator-block-size=1048576"
    "memorysetup-temp-allocator-size-main=16777216"
    "memorysetup-job-temp-allocator-block-size=2097152"
    "memorysetup-job-temp-allocator-block-size-background=1048576"
    "memorysetup-job-temp-allocator-reduction-small-platforms=262144"
    "memorysetup-temp-allocator-size-background-worker=32768"
    "memorysetup-temp-allocator-size-job-worker=262144"
    "memorysetup-temp-allocator-size-preload-manager=33554432"
    "memorysetup-temp-allocator-size-nav-mesh-worker=65536"
    "memorysetup-temp-allocator-size-audio-worker=65536"
    "memorysetup-temp-allocator-size-cloud-worker=32768"
    "memorysetup-temp-allocator-size-gi-baking-worker=262144"
    "memorysetup-temp-allocator-size-gfx=262144"
Refreshing native plugins compatible for Editor in 147.46 ms, found 4 plugins.
Preloading 0 native plugins for Editor in 0.00 ms.
Initialize engine version: 2021.3.5f1 (40eb3a945986)
[Subsystems] Discovering subsystems at path D:/Unity Hub/2021.3.5f1/Editor/Data/Resources/UnitySubsystems
[Subsystems] Discovering subsystems at path E:/Unity/Projetos/Holy-Knight/Holy Knight/Assets
GfxDevice: creating device client; threaded=0; jobified=0
d3d11: CreateDXGIFactory2(...) not found, fallbacking to CreateDXGIFactory1(...).
d3d11: QueryInterface(IDXGIFactory5) failed (80004002).
Direct3D:
    Version:  Direct3D 11.0 [level 11.0]
    Renderer: Intel(R) HD Graphics (ID=0x152)
    Vendor:   Intel
    VRAM:     1504 MB
    Driver:   10.18.10.5161
Initialize mono
Mono path[0] = 'D:/Unity Hub/2021.3.5f1/Editor/Data/Managed'
Mono path[1] = 'D:/Unity Hub/2021.3.5f1/Editor/Data/MonoBleedingEdge/lib/mono/unityjit-win32'
Mono config path = 'D:/Unity Hub/2021.3.5f1/Editor/Data/MonoBleedingEdge/etc'
Using monoOptions --debugger-agent=transport=dt_socket,embedding=1,server=y,suspend=n,address=127.0.0.1:56556
Begin MonoManager ReloadAssembly
Registering precompiled unity dll's ...
Register platform support module: D:/Unity Hub/2021.3.5f1/Editor/Data/PlaybackEngines/WebGLSupport/UnityEditor.WebGL.Extensions.dll
Register platform support module: D:/Unity Hub/2021.3.5f1/Editor/Data/PlaybackEngines/AndroidPlayer/UnityEditor.Android.Extensions.dll
Register platform support module: D:/Unity Hub/2021.3.5f1/Editor/Data/PlaybackEngines/WindowsStandaloneSupport/UnityEditor.WindowsStandalone.Extensions.dll
Registered in 0.002347 seconds.
Native extension for WindowsStandalone target not found
Native extension for Android target not found
Native extension for WebGL target not found
Refreshing native plugins compatible for Editor in 145.55 ms, found 4 plugins.
Preloading 0 native plugins for Editor in 0.00 ms.
Mono: successfully reloaded assembly
- Completed reload, in  0.974 seconds
Domain Reload Profiling:
	ReloadAssembly (975ms)
		BeginReloadAssembly (83ms)
			ExecutionOrderSort (0ms)
			DisableScriptedObjects (0ms)
			BackupInstance (0ms)
			ReleaseScriptingObjects (0ms)
			CreateAndSetChildDomain (1ms)
		EndReloadAssembly (750ms)
			LoadAssemblies (82ms)
			RebuildTransferFunctionScriptingTraits (0ms)
			SetupTypeCache (152ms)
			ReleaseScriptCaches (0ms)
			RebuildScriptCaches (41ms)
			SetupLoadedEditorAssemblies (490ms)
				LogAssemblyErrors (0ms)
				InitializePlatformSupportModulesInManaged (113ms)
				SetLoadedEditorAssemblies (0ms)
				RefreshPlugins (146ms)
				BeforeProcessingInitializeOnLoad (2ms)
				ProcessInitializeOnLoadAttributes (166ms)
				ProcessInitializeOnLoadMethodAttributes (63ms)
				AfterProcessingInitializeOnLoad (0ms)
				EditorAssembliesLoaded (0ms)
			ExecutionOrderSort2 (0ms)
			AwakeInstancesAfterBackupRestoration (0ms)
Platform modules already initialized, skipping
Registering precompiled user dll's ...
Registered in 0.004634 seconds.
Begin MonoManager ReloadAssembly
Symbol file LoadedFromMemory doesn't match image E:\Unity\Projetos\Holy-Knight\Holy Knight\Library\PackageCache\com.unity.visualscripting@1.7.8\Editor\VisualScripting.Core\Dependencies\YamlDotNet\Unity.VisualScripting.YamlDotNet.dll
Symbol file LoadedFromMemory doesn't match image E:\Unity\Projetos\Holy-Knight\Holy Knight\Library\PackageCache\com.unity.visualscripting@1.7.8\Editor\VisualScripting.Core\Dependencies\DotNetZip\Unity.VisualScripting.IonicZip.dll
Native extension for WindowsStandalone target not found
Native extension for Android target not found
Native extension for WebGL target not found
Refreshing native plugins compatible for Editor in 148.45 ms, found 4 plugins.
Preloading 0 native plugins for Editor in 0.00 ms.
Mono: successfully reloaded assembly
- Completed reload, in  1.899 seconds
Domain Reload Profiling:
	ReloadAssembly (1901ms)
		BeginReloadAssembly (259ms)
			ExecutionOrderSort (0ms)
			DisableScriptedObjects (10ms)
			BackupInstance (0ms)
			ReleaseScriptingObjects (0ms)
			CreateAndSetChildDomain (131ms)
		EndReloadAssembly (1456ms)
			LoadAssemblies (128ms)
			RebuildTransferFunctionScriptingTraits (0ms)
			SetupTypeCache (394ms)
			ReleaseScriptCaches (1ms)
			RebuildScriptCaches (90ms)
			SetupLoadedEditorAssemblies (782ms)
				LogAssemblyErrors (0ms)
				InitializePlatformSupportModulesInManaged (16ms)
				SetLoadedEditorAssemblies (0ms)
				RefreshPlugins (149ms)
				BeforeProcessingInitializeOnLoad (136ms)
				ProcessInitializeOnLoadAttributes (422ms)
				ProcessInitializeOnLoadMethodAttributes (56ms)
				AfterProcessingInitializeOnLoad (3ms)
				EditorAssembliesLoaded (0ms)
			ExecutionOrderSort2 (0ms)
			AwakeInstancesAfterBackupRestoration (6ms)
Platform modules already initialized, skipping
========================================================================
Worker process is ready to serve import requests
Launched and connected shader compiler UnityShaderCompiler.exe after 0.04 seconds
Refreshing native plugins compatible for Editor in 1.17 ms, found 4 plugins.
Preloading 0 native plugins for Editor in 0.00 ms.
Unloading 4403 Unused Serialized files (Serialized files now loaded: 0)
Unloading 47 unused Assets / (222.7 KB). Loaded Objects now: 4856.
Memory consumption went from 164.0 MB to 163.8 MB.
Total: 7.963740 ms (FindLiveObjects: 0.439130 ms CreateObjectMapping: 0.300425 ms MarkObjects: 6.922517 ms  DeleteObjects: 0.298870 ms)

AssetImportParameters requested are different than current active one (requested -> active):
  custom:video-decoder-ogg-theora: a1e56fd34408186e4bbccfd4996cb3dc -> 
  custom:container-muxer-webm: aa71ff27fc2769a1b78a27578f13a17b -> 
  custom:container-demuxer-webm: 4f35f7cbe854078d1ac9338744f61a02 -> 
  custom:video-encoder-webm-vp8: eb34c28f22e8b96e1ab97ce403110664 -> 
  custom:audio-encoder-webm-vorbis: bf7c407c2cedff20999df2af8eb42d56 -> 
  custom:framework-win-MediaFoundation: 216162199b28c13a410421893ffa2e32 -> 
  custom:container-demuxer-ogg: 62fdf1f143b41e24485cea50d1cbac27 -> 
  custom:video-decoder-webm-vp8: 9c59270c3fd7afecdb556c50c9e8de78 -> 
  custom:audio-decoder-ogg-vorbis: bf7c407c2cedff20999df2af8eb42d56 -> 
========================================================================
Received Import Request.
  Time since last request: 2987.210317 seconds.
  path: Assets/Prefabs/Master.prefab
  artifactKey: Guid(444bcb6a699021c4fbf741df69c29049) Importer(815301076,1909f56bfc062723c751e8b465ee728b)
Start importing Assets/Prefabs/Master.prefab using Guid(444bcb6a699021c4fbf741df69c29049) Importer(815301076,1909f56bfc062723c751e8b465ee728b) Asset 'Player': Transition 'hurt -> base' in state 'hurt' doesn't have an Exit Time or any condition, transition will be ignored
UnityEngine.StackTraceUtility:ExtractStackTrace ()
UnityEditor.EditorUtility:Internal_InstantiateRemoveAllNonAnimationComponentsSingle (UnityEngine.Object,UnityEngine.Vector3,UnityEngine.Quaternion)
UnityEditor.EditorUtility:InstantiateRemoveAllNonAnimationComponents (UnityEngine.Object,UnityEngine.Vector3,UnityEngine.Quaternion)
UnityEditor.EditorUtility:InstantiateForAnimatorPreview (UnityEngine.Object)
UnityEditor.GameObjectInspector/PreviewData:UpdateGameObject (UnityEngine.Object)
UnityEditor.GameObjectInspector/PreviewData:.ctor (UnityEngine.Object)
UnityEditor.GameObjectInspector:GetPreviewData ()
UnityEditor.GameObjectInspector:RenderStaticPreview (string,UnityEngine.Object[],int,int)
UnityEditor.AssetPreviewUpdater:CreatePreview (UnityEngine.Object,UnityEngine.Object[],string,int,int)
UnityEditor.AssetPreviewUpdater:CreatePreviewForAsset (UnityEngine.Object,UnityEngine.Object[],string)

[C:\buildslave\unity\build\Editor\Src\Animation\StateMachine.cpp line 1845]

Asset 'Player': Transition 'AnyState -> hurt' in state 'AnyState' doesn't have an Exit Time or any condition, transition will be ignored
UnityEngine.StackTraceUtility:ExtractStackTrace ()
UnityEditor.EditorUtility:Internal_InstantiateRemoveAllNonAnimationComponentsSingle (UnityEngine.Object,UnityEngine.Vector3,UnityEngine.Quaternion)
UnityEditor.EditorUtility:InstantiateRemoveAllNonAnimationComponents (UnityEngine.Object,UnityEngine.Vector3,UnityEngine.Quaternion)
UnityEditor.EditorUtility:InstantiateForAnimatorPreview (UnityEngine.Object)
UnityEditor.GameObjectInspector/PreviewData:UpdateGameObject (UnityEngine.Object)
UnityEditor.GameObjectInspector/PreviewData:.ctor (UnityEngine.Object)
UnityEditor.GameObjectInspector:GetPreviewData ()
UnityEditor.GameObjectInspector:RenderStaticPreview (string,UnityEngine.Object[],int,int)
UnityEditor.AssetPreviewUpdater:CreatePreview (UnityEngine.Object,UnityEngine.Object[],string,int,int)
UnityEditor.AssetPreviewUpdater:CreatePreviewForAsset (UnityEngine.Object,UnityEngine.Object[],string)

[C:\buildslave\unity\build\Editor\Src\Animation\StateMachine.cpp line 1845]

Tried select unknown importer for id '-2' '00000000000000000000000000000000'
 -> (artifact id: 'e7c3779ad3e8a825a572b2aca4fb2347') in 6.607362 seconds 
========================================================================
Received Import Request.
  Time since last request: 0.000036 seconds.
  path: Assets/Prefabs/Player.prefab
  artifactKey: Guid(faa3ee6b4e0ae974c84297d93fd2abee) Importer(815301076,1909f56bfc062723c751e8b465ee728b)
Start importing Assets/Prefabs/Player.prefab using Guid(faa3ee6b4e0ae974c84297d93fd2abee) Importer(815301076,1909f56bfc062723c751e8b465ee728b) Asset 'Player': Transition 'hurt -> base' in state 'hurt' doesn't have an Exit Time or any condition, transition will be ignored
UnityEngine.StackTraceUtility:ExtractStackTrace ()
UnityEditor.EditorUtility:Internal_InstantiateRemoveAllNonAnimationComponentsSingle (UnityEngine.Object,UnityEngine.Vector3,UnityEngine.Quaternion)
UnityEditor.EditorUtility:InstantiateRemoveAllNonAnimationComponents (UnityEngine.Object,UnityEngine.Vector3,UnityEngine.Quaternion)
UnityEditor.EditorUtility:InstantiateForAnimatorPreview (UnityEngine.Object)
UnityEditor.GameObjectInspector/PreviewData:UpdateGameObject (UnityEngine.Object)
UnityEditor.GameObjectInspector/PreviewData:.ctor (UnityEngine.Object)
UnityEditor.GameObjectInspector:GetPreviewData ()
UnityEditor.GameObjectInspector:RenderStaticPreview (string,UnityEngine.Object[],int,int)
UnityEditor.AssetPreviewUpdater:CreatePreview (UnityEngine.Object,UnityEngine.Object[],string,int,int)
UnityEditor.AssetPreviewUpdater:CreatePreviewForAsset (UnityEngine.Object,UnityEngine.Object[],string)

[C:\buildslave\unity\build\Editor\Src\Animation\StateMachine.cpp line 1845]

Asset 'Player': Transition 'AnyState -> hurt' in state 'AnyState' doesn't have an Exit Time or any condition, transition will be ignored
UnityEngine.StackTraceUtility:ExtractStackTrace ()
UnityEditor.EditorUtility:Internal_InstantiateRemoveAllNonAnimationComponentsSingle (UnityEngine.Object,UnityEngine.Vector3,UnityEngine.Quaternion)
UnityEditor.EditorUtility:InstantiateRemoveAllNonAnimationComponents (UnityEngine.Object,UnityEngine.Vector3,UnityEngine.Quaternion)
UnityEditor.EditorUtility:InstantiateForAnimatorPreview (UnityEngine.Object)
UnityEditor.GameObjectInspector/PreviewData:UpdateGameObject (UnityEngine.Object)
UnityEditor.GameObjectInspector/PreviewData:.ctor (UnityEngine.Object)
UnityEditor.GameObjectInspector:GetPreviewData ()
UnityEditor.GameObjectInspector:RenderStaticPreview (string,UnityEngine.Object[],int,int)
UnityEditor.AssetPreviewUpdater:CreatePreview (UnityEngine.Object,UnityEngine.Object[],string,int,int)
UnityEditor.AssetPreviewUpdater:CreatePreviewForAsset (UnityEngine.Object,UnityEngine.Object[],string)

[C:\buildslave\unity\build\Editor\Src\Animation\StateMachine.cpp line 1845]

 -> (artifact id: '18933b4284012721a763a32a95f541aa') in 0.101418 seconds 
========================================================================
Received Import Request.
  Time since last request: 4.373590 seconds.
  path: Assets/Sprites/Characters/Enemy
  artifactKey: Guid(4937167843345f744ae312ad3f1c56a7) Importer(815301076,1909f56bfc062723c751e8b465ee728b)
Start importing Assets/Sprites/Characters/Enemy using Guid(4937167843345f744ae312ad3f1c56a7) Importer(815301076,1909f56bfc062723c751e8b465ee728b)  -> (artifact id: '8f4e354597250a536359644821608e99') in 0.001194 seconds 
========================================================================
Received Import Request.
  Time since last request: 26.850626 seconds.
  path: Assets/Sprites/Characters/Enemy/Goblin
  artifactKey: Guid(3b2ddc2926736a643b43d3bb6cf7dbac) Importer(815301076,1909f56bfc062723c751e8b465ee728b)
Start importing Assets/Sprites/Characters/Enemy/Goblin using Guid(3b2ddc2926736a643b43d3bb6cf7dbac) Importer(815301076,1909f56bfc062723c751e8b465ee728b)  -> (artifact id: 'bf308f0fac038957f651706cf663d0f0') in 0.004714 seconds 
========================================================================
Received Import Request.
  Time since last request: 10.055240 seconds.
  path: Assets/Sprites/Characters/Enemy/Goblin/Attack3.png
  artifactKey: Guid(ca480e8368c7b7d4c84c82950178fa83) Importer(815301076,1909f56bfc062723c751e8b465ee728b)
Start importing Assets/Sprites/Characters/Enemy/Goblin/Attack3.png using Guid(ca480e8368c7b7d4c84c82950178fa83) Importer(815301076,1909f56bfc062723c751e8b465ee728b)  -> (artifact id: '511e5da3579ed67dd35c1c7919bdfce7') in 0.102372 seconds 
========================================================================
Received Import Request.
  Time since last request: 0.000030 seconds.
  path: Assets/Sprites/Characters/Enemy/Goblin/Run.png
  artifactKey: Guid(c4f9d55a13a7bc546a32ca6bb87dc84d) Importer(815301076,1909f56bfc062723c751e8b465ee728b)
Start importing Assets/Sprites/Characters/Enemy/Goblin/Run.png using Guid(c4f9d55a13a7bc546a32ca6bb87dc84d) Importer(815301076,1909f56bfc062723c751e8b465ee728b)  -> (artifact id: 'a1e9bdffb091b6910eedee47ff734313') in 0.068292 seconds 
========================================================================
Received Import Request.
  Time since last request: 0.000034 seconds.
  path: Assets/Sprites/Characters/Enemy/Goblin/Bomb_sprite.png
  artifactKey: Guid(f3b7ade5f74e37846892d7267838ab54) Importer(815301076,1909f56bfc062723c751e8b465ee728b)
Start importing Assets/Sprites/Characters/Enemy/Goblin/Bomb_sprite.png using Guid(f3b7ade5f74e37846892d7267838ab54) Importer(815301076,1909f56bfc062723c751e8b465ee728b)  -> (artifact id: '2a2dbeef6a9ce3441880c1e1e72ee3ab') in 0.041655 seconds 
========================================================================
Received Import Request.
  Time since last request: 0.000050 seconds.
  path: Assets/Sprites/Characters/Enemy/Goblin/Idle.png
  artifactKey: Guid(cace39e0c3e11964db013665311f18bf) Importer(815301076,1909f56bfc062723c751e8b465ee728b)
Start importing Assets/Sprites/Characters/Enemy/Goblin/Idle.png using Guid(cace39e0c3e11964db013665311f18bf) Importer(815301076,1909f56bfc062723c751e8b465ee728b)  -> (artifact id: '7f1fd9546d5129d9f059c14ba9dc6c4d') in 0.032706 seconds 
========================================================================
Received Import Request.
  Time since last request: 0.000036 seconds.
  path: Assets/Sprites/Characters/Enemy/Goblin/Death.png
  artifactKey: Guid(c79956ae54a098543a94466988d37558) Importer(815301076,1909f56bfc062723c751e8b465ee728b)
Start importing Assets/Sprites/Characters/Enemy/Goblin/Death.png using Guid(c79956ae54a098543a94466988d37558) Importer(815301076,1909f56bfc062723c751e8b465ee728b)  -> (artifact id: '9be61d7dc863345b424d6799ec37d424') in 0.033467 seconds 
========================================================================
Received Import Request.
  Time since last request: 0.000054 seconds.
  path: Assets/Sprites/Characters/Enemy/Goblin/Take Hit.png
  artifactKey: Guid(0065279c1ebe6cc4c82020bf19368bde) Importer(815301076,1909f56bfc062723c751e8b465ee728b)
Start importing Assets/Sprites/Characters/Enemy/Goblin/Take Hit.png using Guid(0065279c1ebe6cc4c82020bf19368bde) Importer(815301076,1909f56bfc062723c751e8b465ee728b)  -> (artifact id: 'a2331d6613b7c1db892a5e1210163386') in 0.037399 seconds 
========================================================================
Received Import Request.
  Time since last request: 17.295919 seconds.
  path: Assets/Sprites/Characters/Enemy/Goblin/Attack3.png
  artifactKey: Guid(ca480e8368c7b7d4c84c82950178fa83) Importer(815301076,1909f56bfc062723c751e8b465ee728b)
Start importing Assets/Sprites/Characters/Enemy/Goblin/Attack3.png using Guid(ca480e8368c7b7d4c84c82950178fa83) Importer(815301076,1909f56bfc062723c751e8b465ee728b)  -> (artifact id: '87c6af349be24655bf9f571f961a7f47') in 0.027499 seconds 
========================================================================
Received Import Request.
  Time since last request: 0.000309 seconds.
  path: Assets/Sprites/Characters/Enemy/Goblin/Run.png
  artifactKey: Guid(c4f9d55a13a7bc546a32ca6bb87dc84d) Importer(815301076,1909f56bfc062723c751e8b465ee728b)
Start importing Assets/Sprites/Characters/Enemy/Goblin/Run.png using Guid(c4f9d55a13a7bc546a32ca6bb87dc84d) Importer(815301076,1909f56bfc062723c751e8b465ee728b)  -> (artifact id: 'be9f25bce319639adc3f5aac13a13767') in 0.021550 seconds 
========================================================================
Received Import Request.
  Time since last request: 0.000047 seconds.
  path: Assets/Sprites/Characters/Enemy/Goblin/Bomb_sprite.png
  artifactKey: Guid(f3b7ade5f74e37846892d7267838ab54) Importer(815301076,1909f56bfc062723c751e8b465ee728b)
Start importing Assets/Sprites/Characters/Enemy/Goblin/Bomb_sprite.png using Guid(f3b7ade5f74e37846892d7267838ab54) Importer(815301076,1909f56bfc062723c751e8b465ee728b)  -> (artifact id: '4a9d1d0dd99e45a774da4adef2bcca1f') in 0.021806 seconds 
========================================================================
Received Import Request.
  Time since last request: 0.000043 seconds.
  path: Assets/Sprites/Characters/Enemy/Goblin/Idle.png
  artifactKey: Guid(cace39e0c3e11964db013665311f18bf) Importer(815301076,1909f56bfc062723c751e8b465ee728b)
Start importing Assets/Sprites/Characters/Enemy/Goblin/Idle.png using Guid(cace39e0c3e11964db013665311f18bf) Importer(815301076,1909f56bfc062723c751e8b465ee728b)  -> (artifact id: '3412c328d0c4dc8c323bfd6aa31e64fe') in 0.018010 seconds 
========================================================================
Received Import Request.
  Time since last request: 0.000047 seconds.
  path: Assets/Sprites/Characters/Enemy/Goblin/Death.png
  artifactKey: Guid(c79956ae54a098543a94466988d37558) Importer(815301076,1909f56bfc062723c751e8b465ee728b)
Start importing Assets/Sprites/Characters/Enemy/Goblin/Death.png using Guid(c79956ae54a098543a94466988d37558) Importer(815301076,1909f56bfc062723c751e8b465ee728b)  -> (artifact id: 'cc831b41ce9729764d946c086b4f55c1') in 0.018013 seconds 
========================================================================
Received Import Request.
  Time since last request: 0.000072 seconds.
  path: Assets/Sprites/Characters/Enemy/Goblin/Take Hit.png
  artifactKey: Guid(0065279c1ebe6cc4c82020bf19368bde) Importer(815301076,1909f56bfc062723c751e8b465ee728b)
Start importing Assets/Sprites/Characters/Enemy/Goblin/Take Hit.png using Guid(0065279c1ebe6cc4c82020bf19368bde) Importer(815301076,1909f56bfc062723c751e8b465ee728b)  -> (artifact id: '9a9c609cb44148ad6a0f1ac44db93c7d') in 0.016396 seconds 
========================================================================
Received Import Request.
  Time since last request: 84.282157 seconds.
  path: Assets/Sprites/Characters/Enemy/Goblin/Take Hit.png
  artifactKey: Guid(0065279c1ebe6cc4c82020bf19368bde) Importer(815301076,1909f56bfc062723c751e8b465ee728b)
Start importing Assets/Sprites/Characters/Enemy/Goblin/Take Hit.png using Guid(0065279c1ebe6cc4c82020bf19368bde) Importer(815301076,1909f56bfc062723c751e8b465ee728b)  -> (artifact id: '0e459da4edd17ec1d5cc66e0886e27fd') in 0.047843 seconds 
========================================================================
Received Import Request.
  Time since last request: 18.245128 seconds.
  path: Assets/Sprites/Characters/Enemy/Goblin/Run.png
  artifactKey: Guid(c4f9d55a13a7bc546a32ca6bb87dc84d) Importer(815301076,1909f56bfc062723c751e8b465ee728b)
Start importing Assets/Sprites/Characters/Enemy/Goblin/Run.png using Guid(c4f9d55a13a7bc546a32ca6bb87dc84d) Importer(815301076,1909f56bfc062723c751e8b465ee728b)  -> (artifact id: 'cd106449f4ebaff8470af84e0b62d844') in 0.088100 seconds 
========================================================================
Received Import Request.
  Time since last request: 11.070889 seconds.
  path: Assets/Sprites/Characters/Enemy/Goblin/Idle.png
  artifactKey: Guid(cace39e0c3e11964db013665311f18bf) Importer(815301076,1909f56bfc062723c751e8b465ee728b)
Start importing Assets/Sprites/Characters/Enemy/Goblin/Idle.png using Guid(cace39e0c3e11964db013665311f18bf) Importer(815301076,1909f56bfc062723c751e8b465ee728b)  -> (artifact id: 'dbc66507fbb185da46ffbd644a5b1fe0') in 0.049240 seconds 
========================================================================
Received Import Request.
  Time since last request: 6.295068 seconds.
  path: Assets/Sprites/Characters/Enemy/Goblin/Death.png
  artifactKey: Guid(c79956ae54a098543a94466988d37558) Importer(815301076,1909f56bfc062723c751e8b465ee728b)
Start importing Assets/Sprites/Characters/Enemy/Goblin/Death.png using Guid(c79956ae54a098543a94466988d37558) Importer(815301076,1909f56bfc062723c751e8b465ee728b)  -> (artifact id: 'da2db43bb84e25a8024168fab6de1848') in 0.054090 seconds 
========================================================================
Received Import Request.
  Time since last request: 115.125420 seconds.
  path: Assets/Sprites/Characters/Enemy/Goblin/Bomb_sprite.png
  artifactKey: Guid(f3b7ade5f74e37846892d7267838ab54) Importer(815301076,1909f56bfc062723c751e8b465ee728b)
Start importing Assets/Sprites/Characters/Enemy/Goblin/Bomb_sprite.png using Guid(f3b7ade5f74e37846892d7267838ab54) Importer(815301076,1909f56bfc062723c751e8b465ee728b)  -> (artifact id: 'c2735e54656bec7d7eae8839c86c652b') in 0.144216 seconds 
========================================================================
Received Import Request.
  Time since last request: 21.105347 seconds.
  path: Assets/Sprites/Characters/Enemy/Goblin/Attack3.png
  artifactKey: Guid(ca480e8368c7b7d4c84c82950178fa83) Importer(815301076,1909f56bfc062723c751e8b465ee728b)
Start importing Assets/Sprites/Characters/Enemy/Goblin/Attack3.png using Guid(ca480e8368c7b7d4c84c82950178fa83) Importer(815301076,1909f56bfc062723c751e8b465ee728b)  -> (artifact id: 'f804fc4695336b6ba8a8f8d662c5805a') in 0.104007 seconds 
========================================================================
Received Import Request.
  Time since last request: 206.895600 seconds.
  path: Assets/Scripts/Enemys
  artifactKey: Guid(9595c401332928248aa647d385974d52) Importer(815301076,1909f56bfc062723c751e8b465ee728b)
Start importing Assets/Scripts/Enemys using Guid(9595c401332928248aa647d385974d52) Importer(815301076,1909f56bfc062723c751e8b465ee728b)  -> (artifact id: 'e6375634af3b679f9c2ca3ccb41b152b') in 0.025914 seconds 
========================================================================
Received Import Request.
  Time since last request: 14.657633 seconds.
  path: Assets/Scripts/Enemys/Enemy.cs
  artifactKey: Guid(6101c2593ce80204abeee23e94e90ba2) Importer(815301076,1909f56bfc062723c751e8b465ee728b)
Start importing Assets/Scripts/Enemys/Enemy.cs using Guid(6101c2593ce80204abeee23e94e90ba2) Importer(815301076,1909f56bfc062723c751e8b465ee728b)  -> (artifact id: '6f313145e3f2c265d3b9dac41ddd970d') in 0.082918 seconds 
========================================================================
Received Prepare
Registering precompiled user dll's ...
Registered in 0.004306 seconds.
Begin MonoManager ReloadAssembly
Symbol file LoadedFromMemory doesn't match image E:\Unity\Projetos\Holy-Knight\Holy Knight\Library\PackageCache\com.unity.visualscripting@1.7.8\Editor\VisualScripting.Core\Dependencies\YamlDotNet\Unity.VisualScripting.YamlDotNet.dll
Symbol file LoadedFromMemory doesn't match image E:\Unity\Projetos\Holy-Knight\Holy Knight\Library\PackageCache\com.unity.visualscripting@1.7.8\Editor\VisualScripting.Core\Dependencies\DotNetZip\Unity.VisualScripting.IonicZip.dll
Native extension for WindowsStandalone target not found
Native extension for Android target not found
Native extension for WebGL target not found
Refreshing native plugins compatible for Editor in 1.05 ms, found 4 plugins.
Preloading 0 native plugins for Editor in 0.00 ms.
Mono: successfully reloaded assembly
- Completed reload, in  1.519 seconds
Domain Reload Profiling:
	ReloadAssembly (1520ms)
		BeginReloadAssembly (192ms)
			ExecutionOrderSort (0ms)
			DisableScriptedObjects (10ms)
			BackupInstance (0ms)
			ReleaseScriptingObjects (0ms)
			CreateAndSetChildDomain (70ms)
		EndReloadAssembly (1150ms)
			LoadAssemblies (103ms)
			RebuildTransferFunctionScriptingTraits (0ms)
			SetupTypeCache (359ms)
			ReleaseScriptCaches (2ms)
			RebuildScriptCaches (91ms)
			SetupLoadedEditorAssemblies (528ms)
				LogAssemblyErrors (0ms)
				InitializePlatformSupportModulesInManaged (27ms)
				SetLoadedEditorAssemblies (1ms)
				RefreshPlugins (1ms)
				BeforeProcessingInitializeOnLoad (93ms)
				ProcessInitializeOnLoadAttributes (354ms)
				ProcessInitializeOnLoadMethodAttributes (49ms)
				AfterProcessingInitializeOnLoad (3ms)
				EditorAssembliesLoaded (0ms)
			ExecutionOrderSort2 (0ms)
			AwakeInstancesAfterBackupRestoration (9ms)
Platform modules already initialized, skipping
Refreshing native plugins compatible for Editor in 2.91 ms, found 4 plugins.
Preloading 0 native plugins for Editor in 0.00 ms.
Unloading 4399 Unused Serialized files (Serialized files now loaded: 0)
Unloading 32 unused Assets / (190.0 KB). Loaded Objects now: 4884.
Memory consumption went from 168.6 MB to 168.4 MB.
Total: 5.615701 ms (FindLiveObjects: 0.404298 ms CreateObjectMapping: 0.484225 ms MarkObjects: 4.504192 ms  DeleteObjects: 0.221120 ms)

AssetImportParameters requested are different than current active one (requested -> active):
  custom:video-decoder-ogg-theora: a1e56fd34408186e4bbccfd4996cb3dc -> 
  custom:container-muxer-webm: aa71ff27fc2769a1b78a27578f13a17b -> 
  custom:container-demuxer-webm: 4f35f7cbe854078d1ac9338744f61a02 -> 
  custom:video-encoder-webm-vp8: eb34c28f22e8b96e1ab97ce403110664 -> 
  custom:audio-encoder-webm-vorbis: bf7c407c2cedff20999df2af8eb42d56 -> 
  custom:framework-win-MediaFoundation: 216162199b28c13a410421893ffa2e32 -> 
  custom:container-demuxer-ogg: 62fdf1f143b41e24485cea50d1cbac27 -> 
  custom:video-decoder-webm-vp8: 9c59270c3fd7afecdb556c50c9e8de78 -> 
  custom:audio-decoder-ogg-vorbis: bf7c407c2cedff20999df2af8eb42d56 -> 
========================================================================
Received Prepare
Registering precompiled user dll's ...
Registered in 0.006874 seconds.
Begin MonoManager ReloadAssembly
Symbol file LoadedFromMemory doesn't match image E:\Unity\Projetos\Holy-Knight\Holy Knight\Library\PackageCache\com.unity.visualscripting@1.7.8\Editor\VisualScripting.Core\Dependencies\YamlDotNet\Unity.VisualScripting.YamlDotNet.dll
Symbol file LoadedFromMemory doesn't match image E:\Unity\Projetos\Holy-Knight\Holy Knight\Library\PackageCache\com.unity.visualscripting@1.7.8\Editor\VisualScripting.Core\Dependencies\DotNetZip\Unity.VisualScripting.IonicZip.dll
Native extension for WindowsStandalone target not found
Native extension for Android target not found
Native extension for WebGL target not found
Refreshing native plugins compatible for Editor in 1.06 ms, found 4 plugins.
Preloading 0 native plugins for Editor in 0.00 ms.
Mono: successfully reloaded assembly
- Completed reload, in  1.496 seconds
Domain Reload Profiling:
	ReloadAssembly (1497ms)
		BeginReloadAssembly (175ms)
			ExecutionOrderSort (0ms)
			DisableScriptedObjects (10ms)
			BackupInstance (0ms)
			ReleaseScriptingObjects (0ms)
			CreateAndSetChildDomain (50ms)
		EndReloadAssembly (1165ms)
			LoadAssemblies (111ms)
			RebuildTransferFunctionScriptingTraits (0ms)
			SetupTypeCache (367ms)
			ReleaseScriptCaches (2ms)
			RebuildScriptCaches (67ms)
			SetupLoadedEditorAssemblies (556ms)
				LogAssemblyErrors (0ms)
				InitializePlatformSupportModulesInManaged (27ms)
				SetLoadedEditorAssemblies (1ms)
				RefreshPlugins (1ms)
				BeforeProcessingInitializeOnLoad (92ms)
				ProcessInitializeOnLoadAttributes (379ms)
				ProcessInitializeOnLoadMethodAttributes (53ms)
				AfterProcessingInitializeOnLoad (3ms)
				EditorAssembliesLoaded (0ms)
			ExecutionOrderSort2 (0ms)
			AwakeInstancesAfterBackupRestoration (9ms)
Platform modules already initialized, skipping
Refreshing native plugins compatible for Editor in 3.01 ms, found 4 plugins.
Preloading 0 native plugins for Editor in 0.00 ms.
Unloading 4399 Unused Serialized files (Serialized files now loaded: 0)
Unloading 32 unused Assets / (189.7 KB). Loaded Objects now: 4887.
Memory consumption went from 168.6 MB to 168.4 MB.
Total: 6.068515 ms (FindLiveObjects: 0.736134 ms CreateObjectMapping: 0.272435 ms MarkObjects: 4.859352 ms  DeleteObjects: 0.198417 ms)

AssetImportParameters requested are different than current active one (requested -> active):
  custom:video-decoder-ogg-theora: a1e56fd34408186e4bbccfd4996cb3dc -> 
  custom:container-muxer-webm: aa71ff27fc2769a1b78a27578f13a17b -> 
  custom:container-demuxer-webm: 4f35f7cbe854078d1ac9338744f61a02 -> 
  custom:video-encoder-webm-vp8: eb34c28f22e8b96e1ab97ce403110664 -> 
  custom:audio-encoder-webm-vorbis: bf7c407c2cedff20999df2af8eb42d56 -> 
  custom:framework-win-MediaFoundation: 216162199b28c13a410421893ffa2e32 -> 
  custom:container-demuxer-ogg: 62fdf1f143b41e24485cea50d1cbac27 -> 
  custom:video-decoder-webm-vp8: 9c59270c3fd7afecdb556c50c9e8de78 -> 
  custom:audio-decoder-ogg-vorbis: bf7c407c2cedff20999df2af8eb42d56 -> 
========================================================================
Received Import Request.
  Time since last request: 201.517458 seconds.
  path: Assets/Scripts/Enemys/Enemy.cs
  artifactKey: Guid(6101c2593ce80204abeee23e94e90ba2) Importer(815301076,1909f56bfc062723c751e8b465ee728b)
Start importing Assets/Scripts/Enemys/Enemy.cs using Guid(6101c2593ce80204abeee23e94e90ba2) Importer(815301076,1909f56bfc062723c751e8b465ee728b)  -> (artifact id: 'be4c871c3deb8a84b40ecaffdd5157c9') in 0.008944 seconds 
========================================================================
Received Import Request.
  Time since last request: 345.501805 seconds.
  path: Assets/Sprites/Characters/Enemy/Goblin/Attack.png
  artifactKey: Guid(cd655f09816b3744a95137e1a7a298cd) Importer(815301076,1909f56bfc062723c751e8b465ee728b)
Start importing Assets/Sprites/Characters/Enemy/Goblin/Attack.png using Guid(cd655f09816b3744a95137e1a7a298cd) Importer(815301076,1909f56bfc062723c751e8b465ee728b)  -> (artifact id: 'ae2ad1e5720071b848c0336265576bb3') in 0.110130 seconds 
========================================================================
Received Import Request.
  Time since last request: 12.378522 seconds.
  path: Assets/Sprites/Characters/Enemy/Goblin/Attack2.png
  artifactKey: Guid(cd655f09816b3744a95137e1a7a298cd) Importer(815301076,1909f56bfc062723c751e8b465ee728b)
Start importing Assets/Sprites/Characters/Enemy/Goblin/Attack2.png using Guid(cd655f09816b3744a95137e1a7a298cd) Importer(815301076,1909f56bfc062723c751e8b465ee728b)  -> (artifact id: 'fa908b6dc0d2a047754257d09e1160d8') in 0.072822 seconds 
========================================================================
Received Import Request.
  Time since last request: 22.044858 seconds.
  path: Assets/Sprites/Characters/Enemy/Goblin/Attack1.png
  artifactKey: Guid(cd655f09816b3744a95137e1a7a298cd) Importer(815301076,1909f56bfc062723c751e8b465ee728b)
Start importing Assets/Sprites/Characters/Enemy/Goblin/Attack1.png using Guid(cd655f09816b3744a95137e1a7a298cd) Importer(815301076,1909f56bfc062723c751e8b465ee728b)  -> (artifact id: '68e50ca54af76292e769b26632d4bf37') in 0.034675 seconds 
========================================================================
Received Import Request.
  Time since last request: 8.694005 seconds.
  path: Assets/Sprites/Characters/Enemy/Goblin/AttackRange.png
  artifactKey: Guid(ca480e8368c7b7d4c84c82950178fa83) Importer(815301076,1909f56bfc062723c751e8b465ee728b)
Start importing Assets/Sprites/Characters/Enemy/Goblin/AttackRange.png using Guid(ca480e8368c7b7d4c84c82950178fa83) Importer(815301076,1909f56bfc062723c751e8b465ee728b)  -> (artifact id: '88ede10072154985bdef3520075bbd86') in 0.089534 seconds 
========================================================================
Received Import Request.
  Time since last request: 8.226063 seconds.
  path: Assets/Sprites/Characters/Enemy/Goblin/Attack1.png
  artifactKey: Guid(cd655f09816b3744a95137e1a7a298cd) Importer(815301076,1909f56bfc062723c751e8b465ee728b)
Start importing Assets/Sprites/Characters/Enemy/Goblin/Attack1.png using Guid(cd655f09816b3744a95137e1a7a298cd) Importer(815301076,1909f56bfc062723c751e8b465ee728b)  -> (artifact id: 'd0602208e1b03be77306657874a9e17d') in 0.014284 seconds 
========================================================================
Received Import Request.
  Time since last request: 22.879419 seconds.
  path: Assets/Sprites/Characters/Enemy/Goblin/Attack1.png
  artifactKey: Guid(cd655f09816b3744a95137e1a7a298cd) Importer(815301076,1909f56bfc062723c751e8b465ee728b)
Start importing Assets/Sprites/Characters/Enemy/Goblin/Attack1.png using Guid(cd655f09816b3744a95137e1a7a298cd) Importer(815301076,1909f56bfc062723c751e8b465ee728b)  -> (artifact id: '4ff605769d450930a4395d1628846c1f') in 0.068004 seconds 
========================================================================
Received Import Request.
  Time since last request: 92.505858 seconds.
  path: Assets/Animations/Characters/Enemies/Goblin/Sprite.controller
  artifactKey: Guid(09aa0578cba8d42409e4f857097f8cdd) Importer(815301076,1909f56bfc062723c751e8b465ee728b)
Start importing Assets/Animations/Characters/Enemies/Goblin/Sprite.controller using Guid(09aa0578cba8d42409e4f857097f8cdd) Importer(815301076,1909f56bfc062723c751e8b465ee728b)  -> (artifact id: 'c5433a134e2d89e7789ea26602748063') in 0.009551 seconds 
========================================================================
Received Import Request.
  Time since last request: 110.522599 seconds.
  path: Assets/Animations/Characters/Enemies
  artifactKey: Guid(3a7d05e0802622340bd4f5fef54eb5eb) Importer(815301076,1909f56bfc062723c751e8b465ee728b)
Start importing Assets/Animations/Characters/Enemies using Guid(3a7d05e0802622340bd4f5fef54eb5eb) Importer(815301076,1909f56bfc062723c751e8b465ee728b)  -> (artifact id: 'c282dde58ae795ae10a236140a86528c') in 0.002536 seconds 
========================================================================
Received Import Request.
  Time since last request: 0.701474 seconds.
  path: Assets/Animations/Characters/Enemies/Goblin
  artifactKey: Guid(8b0b583330cd3fd4fb251df619f5c5b4) Importer(815301076,1909f56bfc062723c751e8b465ee728b)
Start importing Assets/Animations/Characters/Enemies/Goblin using Guid(8b0b583330cd3fd4fb251df619f5c5b4) Importer(815301076,1909f56bfc062723c751e8b465ee728b)  -> (artifact id: 'e6f269548cca61e23b55573d39347820') in 0.001969 seconds 
========================================================================
Received Import Request.
  Time since last request: 0.763781 seconds.
  path: Assets/Animations/Characters/Enemies/Goblin/attack.anim
  artifactKey: Guid(ff82c39af0a81644ab2b0cccf22aecb2) Importer(815301076,1909f56bfc062723c751e8b465ee728b)
Start importing Assets/Animations/Characters/Enemies/Goblin/attack.anim using Guid(ff82c39af0a81644ab2b0cccf22aecb2) Importer(815301076,1909f56bfc062723c751e8b465ee728b)  -> (artifact id: 'f7bb6a3bde1d5703341b2e20858082f8') in 0.005858 seconds 
========================================================================
Received Import Request.
  Time since last request: 2.441882 seconds.
  path: Assets/Animations/Characters/Enemies/Goblin/attackRange.anim
  artifactKey: Guid(98c9acf501762b64f89b651bd83ec5b4) Importer(815301076,1909f56bfc062723c751e8b465ee728b)
Start importing Assets/Animations/Characters/Enemies/Goblin/attackRange.anim using Guid(98c9acf501762b64f89b651bd83ec5b4) Importer(815301076,1909f56bfc062723c751e8b465ee728b)  -> (artifact id: '14170958669d802103f3191005d9f69d') in 0.027951 seconds 
========================================================================
Received Import Request.
  Time since last request: 1.891862 seconds.
  path: Assets/Animations/Characters/Enemies/Goblin/death.anim
  artifactKey: Guid(647e532e9d9e4d745944284147f76b99) Importer(815301076,1909f56bfc062723c751e8b465ee728b)
Start importing Assets/Animations/Characters/Enemies/Goblin/death.anim using Guid(647e532e9d9e4d745944284147f76b99) Importer(815301076,1909f56bfc062723c751e8b465ee728b)  -> (artifact id: '22b4a9406e0c339959d0582fba5c2a7d') in 0.004267 seconds 
========================================================================
Received Import Request.
  Time since last request: 1.982817 seconds.
  path: Assets/Animations/Characters/Enemies/Goblin/idle.anim
  artifactKey: Guid(76fc9d6b4cddc96498c6ea52484a5785) Importer(815301076,1909f56bfc062723c751e8b465ee728b)
Start importing Assets/Animations/Characters/Enemies/Goblin/idle.anim using Guid(76fc9d6b4cddc96498c6ea52484a5785) Importer(815301076,1909f56bfc062723c751e8b465ee728b)  -> (artifact id: '1e120f1084aebc7e849c48c0c0282be9') in 0.002362 seconds 
========================================================================
Received Import Request.
  Time since last request: 0.943468 seconds.
  path: Assets/Animations/Characters/Enemies/Goblin/run.anim
  artifactKey: Guid(9009d4f07f4a1054db9db634206592fe) Importer(815301076,1909f56bfc062723c751e8b465ee728b)
Start importing Assets/Animations/Characters/Enemies/Goblin/run.anim using Guid(9009d4f07f4a1054db9db634206592fe) Importer(815301076,1909f56bfc062723c751e8b465ee728b)  -> (artifact id: 'f79de9bdf18fb7a6bae756cf1f6aed2d') in 0.063866 seconds 
========================================================================
Received Import Request.
  Time since last request: 3.959012 seconds.
  path: Assets/Animations/Characters/Enemies/Goblin/takeHit.anim
  artifactKey: Guid(a9b9114a54af6a64c80de034c99c3daf) Importer(815301076,1909f56bfc062723c751e8b465ee728b)
Start importing Assets/Animations/Characters/Enemies/Goblin/takeHit.anim using Guid(a9b9114a54af6a64c80de034c99c3daf) Importer(815301076,1909f56bfc062723c751e8b465ee728b)  -> (artifact id: 'a911b5d544182e17836b85de0dd13b73') in 0.004282 seconds 
========================================================================
Received Prepare
Registering precompiled user dll's ...
Registered in 0.005922 seconds.
Begin MonoManager ReloadAssembly
Symbol file LoadedFromMemory doesn't match image E:\Unity\Projetos\Holy-Knight\Holy Knight\Library\PackageCache\com.unity.visualscripting@1.7.8\Editor\VisualScripting.Core\Dependencies\YamlDotNet\Unity.VisualScripting.YamlDotNet.dll
Symbol file LoadedFromMemory doesn't match image E:\Unity\Projetos\Holy-Knight\Holy Knight\Library\PackageCache\com.unity.visualscripting@1.7.8\Editor\VisualScripting.Core\Dependencies\DotNetZip\Unity.VisualScripting.IonicZip.dll
Native extension for WindowsStandalone target not found
Native extension for Android target not found
Native extension for WebGL target not found
Refreshing native plugins compatible for Editor in 1.10 ms, found 4 plugins.
Preloading 0 native plugins for Editor in 0.00 ms.
Mono: successfully reloaded assembly
- Completed reload, in  1.839 seconds
Domain Reload Profiling:
	ReloadAssembly (1840ms)
		BeginReloadAssembly (194ms)
			ExecutionOrderSort (0ms)
			DisableScriptedObjects (11ms)
			BackupInstance (0ms)
			ReleaseScriptingObjects (0ms)
			CreateAndSetChildDomain (64ms)
		EndReloadAssembly (1485ms)
			LoadAssemblies (122ms)
			RebuildTransferFunctionScriptingTraits (0ms)
			SetupTypeCache (411ms)
			ReleaseScriptCaches (2ms)
			RebuildScriptCaches (76ms)
			SetupLoadedEditorAssemblies (784ms)
				LogAssemblyErrors (0ms)
				InitializePlatformSupportModulesInManaged (35ms)
				SetLoadedEditorAssemblies (1ms)
				RefreshPlugins (1ms)
				BeforeProcessingInitializeOnLoad (121ms)
				ProcessInitializeOnLoadAttributes (545ms)
				ProcessInitializeOnLoadMethodAttributes (77ms)
				AfterProcessingInitializeOnLoad (3ms)
				EditorAssembliesLoaded (1ms)
			ExecutionOrderSort2 (0ms)
			AwakeInstancesAfterBackupRestoration (14ms)
Platform modules already initialized, skipping
Refreshing native plugins compatible for Editor in 5.14 ms, found 4 plugins.
Preloading 0 native plugins for Editor in 0.00 ms.
Unloading 4399 Unused Serialized files (Serialized files now loaded: 0)
Unloading 32 unused Assets / (190.3 KB). Loaded Objects now: 4890.
Memory consumption went from 168.7 MB to 168.5 MB.
Total: 8.775135 ms (FindLiveObjects: 0.662427 ms CreateObjectMapping: 0.594318 ms MarkObjects: 7.106628 ms  DeleteObjects: 0.408963 ms)

AssetImportParameters requested are different than current active one (requested -> active):
  custom:video-decoder-ogg-theora: a1e56fd34408186e4bbccfd4996cb3dc -> 
  custom:container-muxer-webm: aa71ff27fc2769a1b78a27578f13a17b -> 
  custom:container-demuxer-webm: 4f35f7cbe854078d1ac9338744f61a02 -> 
  custom:video-encoder-webm-vp8: eb34c28f22e8b96e1ab97ce403110664 -> 
  custom:audio-encoder-webm-vorbis: bf7c407c2cedff20999df2af8eb42d56 -> 
  custom:framework-win-MediaFoundation: 216162199b28c13a410421893ffa2e32 -> 
  custom:container-demuxer-ogg: 62fdf1f143b41e24485cea50d1cbac27 -> 
  custom:video-decoder-webm-vp8: 9c59270c3fd7afecdb556c50c9e8de78 -> 
  custom:audio-decoder-ogg-vorbis: bf7c407c2cedff20999df2af8eb42d56 -> 
========================================================================
Received Prepare
Registering precompiled user dll's ...
Registered in 0.006114 seconds.
Begin MonoManager ReloadAssembly
Symbol file LoadedFromMemory doesn't match image E:\Unity\Projetos\Holy-Knight\Holy Knight\Library\PackageCache\com.unity.visualscripting@1.7.8\Editor\VisualScripting.Core\Dependencies\YamlDotNet\Unity.VisualScripting.YamlDotNet.dll
Symbol file LoadedFromMemory doesn't match image E:\Unity\Projetos\Holy-Knight\Holy Knight\Library\PackageCache\com.unity.visualscripting@1.7.8\Editor\VisualScripting.Core\Dependencies\DotNetZip\Unity.VisualScripting.IonicZip.dll
Native extension for WindowsStandalone target not found
Native extension for Android target not found
Native extension for WebGL target not found
Refreshing native plugins compatible for Editor in 1.06 ms, found 4 plugins.
Preloading 0 native plugins for Editor in 0.00 ms.
Mono: successfully reloaded assembly
- Completed reload, in  1.548 seconds
Domain Reload Profiling:
	ReloadAssembly (1549ms)
		BeginReloadAssembly (197ms)
			ExecutionOrderSort (0ms)
			DisableScriptedObjects (14ms)
			BackupInstance (0ms)
			ReleaseScriptingObjects (0ms)
			CreateAndSetChildDomain (58ms)
		EndReloadAssembly (1193ms)
			LoadAssemblies (124ms)
			RebuildTransferFunctionScriptingTraits (0ms)
			SetupTypeCache (416ms)
			ReleaseScriptCaches (2ms)
			RebuildScriptCaches (63ms)
			SetupLoadedEditorAssemblies (528ms)
				LogAssemblyErrors (0ms)
				InitializePlatformSupportModulesInManaged (27ms)
				SetLoadedEditorAssemblies (1ms)
				RefreshPlugins (1ms)
				BeforeProcessingInitializeOnLoad (90ms)
				ProcessInitializeOnLoadAttributes (356ms)
				ProcessInitializeOnLoadMethodAttributes (50ms)
				AfterProcessingInitializeOnLoad (3ms)
				EditorAssembliesLoaded (0ms)
			ExecutionOrderSort2 (0ms)
			AwakeInstancesAfterBackupRestoration (10ms)
Platform modules already initialized, skipping
Refreshing native plugins compatible for Editor in 5.15 ms, found 4 plugins.
Preloading 0 native plugins for Editor in 0.00 ms.
Unloading 4399 Unused Serialized files (Serialized files now loaded: 0)
Unloading 32 unused Assets / (190.1 KB). Loaded Objects now: 4893.
Memory consumption went from 168.7 MB to 168.5 MB.
Total: 5.238771 ms (FindLiveObjects: 0.436642 ms CreateObjectMapping: 0.452192 ms MarkObjects: 4.145922 ms  DeleteObjects: 0.201527 ms)

AssetImportParameters requested are different than current active one (requested -> active):
  custom:video-decoder-ogg-theora: a1e56fd34408186e4bbccfd4996cb3dc -> 
  custom:container-muxer-webm: aa71ff27fc2769a1b78a27578f13a17b -> 
  custom:container-demuxer-webm: 4f35f7cbe854078d1ac9338744f61a02 -> 
  custom:video-encoder-webm-vp8: eb34c28f22e8b96e1ab97ce403110664 -> 
  custom:audio-encoder-webm-vorbis: bf7c407c2cedff20999df2af8eb42d56 -> 
  custom:framework-win-MediaFoundation: 216162199b28c13a410421893ffa2e32 -> 
  custom:container-demuxer-ogg: 62fdf1f143b41e24485cea50d1cbac27 -> 
  custom:video-decoder-webm-vp8: 9c59270c3fd7afecdb556c50c9e8de78 -> 
  custom:audio-decoder-ogg-vorbis: bf7c407c2cedff20999df2af8eb42d56 -> 
========================================================================
Received Prepare
Registering precompiled user dll's ...
Registered in 0.004292 seconds.
Begin MonoManager ReloadAssembly
Symbol file LoadedFromMemory doesn't match image E:\Unity\Projetos\Holy-Knight\Holy Knight\Library\PackageCache\com.unity.visualscripting@1.7.8\Editor\VisualScripting.Core\Dependencies\YamlDotNet\Unity.VisualScripting.YamlDotNet.dll
Symbol file LoadedFromMemory doesn't match image E:\Unity\Projetos\Holy-Knight\Holy Knight\Library\PackageCache\com.unity.visualscripting@1.7.8\Editor\VisualScripting.Core\Dependencies\DotNetZip\Unity.VisualScripting.IonicZip.dll
Native extension for WindowsStandalone target not found
Native extension for Android target not found
Native extension for WebGL target not found
Refreshing native plugins compatible for Editor in 1.05 ms, found 4 plugins.
Preloading 0 native plugins for Editor in 0.00 ms.
Mono: successfully reloaded assembly
- Completed reload, in  1.456 seconds
Domain Reload Profiling:
	ReloadAssembly (1457ms)
		BeginReloadAssembly (166ms)
			ExecutionOrderSort (0ms)
			DisableScriptedObjects (10ms)
			BackupInstance (0ms)
			ReleaseScriptingObjects (0ms)
			CreateAndSetChildDomain (48ms)
		EndReloadAssembly (1145ms)
			LoadAssemblies (111ms)
			RebuildTransferFunctionScriptingTraits (0ms)
			SetupTypeCache (374ms)
			ReleaseScriptCaches (2ms)
			RebuildScriptCaches (65ms)
			SetupLoadedEditorAssemblies (523ms)
				LogAssemblyErrors (0ms)
				InitializePlatformSupportModulesInManaged (27ms)
				SetLoadedEditorAssemblies (1ms)
				RefreshPlugins (1ms)
				BeforeProcessingInitializeOnLoad (90ms)
				ProcessInitializeOnLoadAttributes (351ms)
				ProcessInitializeOnLoadMethodAttributes (49ms)
				AfterProcessingInitializeOnLoad (3ms)
				EditorAssembliesLoaded (0ms)
			ExecutionOrderSort2 (0ms)
			AwakeInstancesAfterBackupRestoration (9ms)
Platform modules already initialized, skipping
Refreshing native plugins compatible for Editor in 7.70 ms, found 4 plugins.
Preloading 0 native plugins for Editor in 0.00 ms.
Unloading 4399 Unused Serialized files (Serialized files now loaded: 0)
Unloading 32 unused Assets / (190.0 KB). Loaded Objects now: 4896.
Memory consumption went from 168.7 MB to 168.5 MB.
Total: 5.941316 ms (FindLiveObjects: 0.410829 ms CreateObjectMapping: 0.427001 ms MarkObjects: 4.896361 ms  DeleteObjects: 0.204326 ms)

AssetImportParameters requested are different than current active one (requested -> active):
  custom:video-decoder-ogg-theora: a1e56fd34408186e4bbccfd4996cb3dc -> 
  custom:container-muxer-webm: aa71ff27fc2769a1b78a27578f13a17b -> 
  custom:container-demuxer-webm: 4f35f7cbe854078d1ac9338744f61a02 -> 
  custom:video-encoder-webm-vp8: eb34c28f22e8b96e1ab97ce403110664 -> 
  custom:audio-encoder-webm-vorbis: bf7c407c2cedff20999df2af8eb42d56 -> 
  custom:framework-win-MediaFoundation: 216162199b28c13a410421893ffa2e32 -> 
  custom:container-demuxer-ogg: 62fdf1f143b41e24485cea50d1cbac27 -> 
  custom:video-decoder-webm-vp8: 9c59270c3fd7afecdb556c50c9e8de78 -> 
  custom:audio-decoder-ogg-vorbis: bf7c407c2cedff20999df2af8eb42d56 -> 
========================================================================
Received Prepare
Registering precompiled user dll's ...
Registered in 0.004262 seconds.
Begin MonoManager ReloadAssembly
Symbol file LoadedFromMemory doesn't match image E:\Unity\Projetos\Holy-Knight\Holy Knight\Library\PackageCache\com.unity.visualscripting@1.7.8\Editor\VisualScripting.Core\Dependencies\YamlDotNet\Unity.VisualScripting.YamlDotNet.dll
Symbol file LoadedFromMemory doesn't match image E:\Unity\Projetos\Holy-Knight\Holy Knight\Library\PackageCache\com.unity.visualscripting@1.7.8\Editor\VisualScripting.Core\Dependencies\DotNetZip\Unity.VisualScripting.IonicZip.dll
Native extension for WindowsStandalone target not found
Native extension for Android target not found
Native extension for WebGL target not found
Refreshing native plugins compatible for Editor in 1.89 ms, found 4 plugins.
Preloading 0 native plugins for Editor in 0.00 ms.
Mono: successfully reloaded assembly
- Completed reload, in  1.974 seconds
Domain Reload Profiling:
	ReloadAssembly (1976ms)
		BeginReloadAssembly (168ms)
			ExecutionOrderSort (0ms)
			DisableScriptedObjects (11ms)
			BackupInstance (0ms)
			ReleaseScriptingObjects (0ms)
			CreateAndSetChildDomain (47ms)
		EndReloadAssembly (1652ms)
			LoadAssemblies (116ms)
			RebuildTransferFunctionScriptingTraits (0ms)
			SetupTypeCache (498ms)
			ReleaseScriptCaches (4ms)
			RebuildScriptCaches (140ms)
			SetupLoadedEditorAssemblies (735ms)
				LogAssemblyErrors (0ms)
				InitializePlatformSupportModulesInManaged (44ms)
				SetLoadedEditorAssemblies (1ms)
				RefreshPlugins (2ms)
				BeforeProcessingInitializeOnLoad (129ms)
				ProcessInitializeOnLoadAttributes (477ms)
				ProcessInitializeOnLoadMethodAttributes (78ms)
				AfterProcessingInitializeOnLoad (4ms)
				EditorAssembliesLoaded (0ms)
			ExecutionOrderSort2 (0ms)
			AwakeInstancesAfterBackupRestoration (14ms)
Platform modules already initialized, skipping
Refreshing native plugins compatible for Editor in 6.01 ms, found 4 plugins.
Preloading 0 native plugins for Editor in 0.00 ms.
Unloading 4399 Unused Serialized files (Serialized files now loaded: 0)
Unloading 32 unused Assets / (191.2 KB). Loaded Objects now: 4899.
Memory consumption went from 168.7 MB to 168.5 MB.
Total: 9.048814 ms (FindLiveObjects: 0.829433 ms CreateObjectMapping: 0.834720 ms MarkObjects: 7.072107 ms  DeleteObjects: 0.309755 ms)

AssetImportParameters requested are different than current active one (requested -> active):
  custom:video-decoder-ogg-theora: a1e56fd34408186e4bbccfd4996cb3dc -> 
  custom:container-muxer-webm: aa71ff27fc2769a1b78a27578f13a17b -> 
  custom:container-demuxer-webm: 4f35f7cbe854078d1ac9338744f61a02 -> 
  custom:video-encoder-webm-vp8: eb34c28f22e8b96e1ab97ce403110664 -> 
  custom:audio-encoder-webm-vorbis: bf7c407c2cedff20999df2af8eb42d56 -> 
  custom:framework-win-MediaFoundation: 216162199b28c13a410421893ffa2e32 -> 
  custom:container-demuxer-ogg: 62fdf1f143b41e24485cea50d1cbac27 -> 
  custom:video-decoder-webm-vp8: 9c59270c3fd7afecdb556c50c9e8de78 -> 
  custom:audio-decoder-ogg-vorbis: bf7c407c2cedff20999df2af8eb42d56 -> 
========================================================================
Received Prepare
Registering precompiled user dll's ...
Registered in 0.004627 seconds.
Begin MonoManager ReloadAssembly
Symbol file LoadedFromMemory doesn't match image E:\Unity\Projetos\Holy-Knight\Holy Knight\Library\PackageCache\com.unity.visualscripting@1.7.8\Editor\VisualScripting.Core\Dependencies\YamlDotNet\Unity.VisualScripting.YamlDotNet.dll
Symbol file LoadedFromMemory doesn't match image E:\Unity\Projetos\Holy-Knight\Holy Knight\Library\PackageCache\com.unity.visualscripting@1.7.8\Editor\VisualScripting.Core\Dependencies\DotNetZip\Unity.VisualScripting.IonicZip.dll
Native extension for WindowsStandalone target not found
Native extension for Android target not found
Native extension for WebGL target not found
Refreshing native plugins compatible for Editor in 1.69 ms, found 4 plugins.
Preloading 0 native plugins for Editor in 0.00 ms.
Mono: successfully reloaded assembly
- Completed reload, in  1.546 seconds
Domain Reload Profiling:
	ReloadAssembly (1547ms)
		BeginReloadAssembly (199ms)
			ExecutionOrderSort (0ms)
			DisableScriptedObjects (12ms)
			BackupInstance (0ms)
			ReleaseScriptingObjects (0ms)
			CreateAndSetChildDomain (58ms)
		EndReloadAssembly (1189ms)
			LoadAssemblies (129ms)
			RebuildTransferFunctionScriptingTraits (0ms)
			SetupTypeCache (366ms)
			ReleaseScriptCaches (2ms)
			RebuildScriptCaches (69ms)
			SetupLoadedEditorAssemblies (556ms)
				LogAssemblyErrors (0ms)
				InitializePlatformSupportModulesInManaged (35ms)
				SetLoadedEditorAssemblies (1ms)
				RefreshPlugins (2ms)
				BeforeProcessingInitializeOnLoad (100ms)
				ProcessInitializeOnLoadAttributes (365ms)
				ProcessInitializeOnLoadMethodAttributes (51ms)
				AfterProcessingInitializeOnLoad (3ms)
				EditorAssembliesLoaded (0ms)
			ExecutionOrderSort2 (0ms)
			AwakeInstancesAfterBackupRestoration (9ms)
Platform modules already initialized, skipping
Refreshing native plugins compatible for Editor in 4.79 ms, found 4 plugins.
Preloading 0 native plugins for Editor in 0.00 ms.
Unloading 4399 Unused Serialized files (Serialized files now loaded: 0)
Unloading 32 unused Assets / (190.0 KB). Loaded Objects now: 4902.
Memory consumption went from 168.7 MB to 168.5 MB.
Total: 5.087625 ms (FindLiveObjects: 0.410207 ms CreateObjectMapping: 0.390303 ms MarkObjects: 4.050445 ms  DeleteObjects: 0.235115 ms)

AssetImportParameters requested are different than current active one (requested -> active):
  custom:video-decoder-ogg-theora: a1e56fd34408186e4bbccfd4996cb3dc -> 
  custom:container-muxer-webm: aa71ff27fc2769a1b78a27578f13a17b -> 
  custom:container-demuxer-webm: 4f35f7cbe854078d1ac9338744f61a02 -> 
  custom:video-encoder-webm-vp8: eb34c28f22e8b96e1ab97ce403110664 -> 
  custom:audio-encoder-webm-vorbis: bf7c407c2cedff20999df2af8eb42d56 -> 
  custom:framework-win-MediaFoundation: 216162199b28c13a410421893ffa2e32 -> 
  custom:container-demuxer-ogg: 62fdf1f143b41e24485cea50d1cbac27 -> 
  custom:video-decoder-webm-vp8: 9c59270c3fd7afecdb556c50c9e8de78 -> 
  custom:audio-decoder-ogg-vorbis: bf7c407c2cedff20999df2af8eb42d56 -> 
========================================================================
Received Prepare
Registering precompiled user dll's ...
Registered in 0.005816 seconds.
Begin MonoManager ReloadAssembly
Symbol file LoadedFromMemory doesn't match image E:\Unity\Projetos\Holy-Knight\Holy Knight\Library\PackageCache\com.unity.visualscripting@1.7.8\Editor\VisualScripting.Core\Dependencies\YamlDotNet\Unity.VisualScripting.YamlDotNet.dll
Symbol file LoadedFromMemory doesn't match image E:\Unity\Projetos\Holy-Knight\Holy Knight\Library\PackageCache\com.unity.visualscripting@1.7.8\Editor\VisualScripting.Core\Dependencies\DotNetZip\Unity.VisualScripting.IonicZip.dll
Native extension for WindowsStandalone target not found
Native extension for Android target not found
Native extension for WebGL target not found
Refreshing native plugins compatible for Editor in 1.05 ms, found 4 plugins.
Preloading 0 native plugins for Editor in 0.00 ms.
Mono: successfully reloaded assembly
- Completed reload, in  1.645 seconds
Domain Reload Profiling:
	ReloadAssembly (1646ms)
		BeginReloadAssembly (166ms)
			ExecutionOrderSort (0ms)
			DisableScriptedObjects (10ms)
			BackupInstance (0ms)
			ReleaseScriptingObjects (0ms)
			CreateAndSetChildDomain (44ms)
		EndReloadAssembly (1340ms)
			LoadAssemblies (104ms)
			RebuildTransferFunctionScriptingTraits (0ms)
			SetupTypeCache (437ms)
			ReleaseScriptCaches (2ms)
			RebuildScriptCaches (98ms)
			SetupLoadedEditorAssemblies (573ms)
				LogAssemblyErrors (0ms)
				InitializePlatformSupportModulesInManaged (46ms)
				SetLoadedEditorAssemblies (1ms)
				RefreshPlugins (1ms)
				BeforeProcessingInitializeOnLoad (93ms)
				ProcessInitializeOnLoadAttributes (378ms)
				ProcessInitializeOnLoadMethodAttributes (51ms)
				AfterProcessingInitializeOnLoad (3ms)
				EditorAssembliesLoaded (0ms)
			ExecutionOrderSort2 (0ms)
			AwakeInstancesAfterBackupRestoration (9ms)
Platform modules already initialized, skipping
Refreshing native plugins compatible for Editor in 4.76 ms, found 4 plugins.
Preloading 0 native plugins for Editor in 0.00 ms.
Unloading 4399 Unused Serialized files (Serialized files now loaded: 0)
Unloading 32 unused Assets / (190.2 KB). Loaded Objects now: 4905.
Memory consumption went from 168.7 MB to 168.5 MB.
Total: 4.932748 ms (FindLiveObjects: 0.377241 ms CreateObjectMapping: 0.191575 ms MarkObjects: 4.159917 ms  DeleteObjects: 0.202149 ms)

AssetImportParameters requested are different than current active one (requested -> active):
  custom:video-decoder-ogg-theora: a1e56fd34408186e4bbccfd4996cb3dc -> 
  custom:container-muxer-webm: aa71ff27fc2769a1b78a27578f13a17b -> 
  custom:container-demuxer-webm: 4f35f7cbe854078d1ac9338744f61a02 -> 
  custom:video-encoder-webm-vp8: eb34c28f22e8b96e1ab97ce403110664 -> 
  custom:audio-encoder-webm-vorbis: bf7c407c2cedff20999df2af8eb42d56 -> 
  custom:framework-win-MediaFoundation: 216162199b28c13a410421893ffa2e32 -> 
  custom:container-demuxer-ogg: 62fdf1f143b41e24485cea50d1cbac27 -> 
  custom:video-decoder-webm-vp8: 9c59270c3fd7afecdb556c50c9e8de78 -> 
  custom:audio-decoder-ogg-vorbis: bf7c407c2cedff20999df2af8eb42d56 -> 
========================================================================
Received Import Request.
  Time since last request: 1759.137397 seconds.
  path: Assets/Scripts/Enemies
  artifactKey: Guid(9595c401332928248aa647d385974d52) Importer(815301076,1909f56bfc062723c751e8b465ee728b)
Start importing Assets/Scripts/Enemies using Guid(9595c401332928248aa647d385974d52) Importer(815301076,1909f56bfc062723c751e8b465ee728b)  -> (artifact id: 'cee08827fac8a5567cb07bef3df40c1e') in 0.011655 seconds 
========================================================================
Received Prepare
Registering precompiled user dll's ...
Registered in 0.006582 seconds.
Begin MonoManager ReloadAssembly
Symbol file LoadedFromMemory doesn't match image E:\Unity\Projetos\Holy-Knight\Holy Knight\Library\PackageCache\com.unity.visualscripting@1.7.8\Editor\VisualScripting.Core\Dependencies\YamlDotNet\Unity.VisualScripting.YamlDotNet.dll
Symbol file LoadedFromMemory doesn't match image E:\Unity\Projetos\Holy-Knight\Holy Knight\Library\PackageCache\com.unity.visualscripting@1.7.8\Editor\VisualScripting.Core\Dependencies\DotNetZip\Unity.VisualScripting.IonicZip.dll
Native extension for WindowsStandalone target not found
Native extension for Android target not found
Native extension for WebGL target not found
Refreshing native plugins compatible for Editor in 1.05 ms, found 4 plugins.
Preloading 0 native plugins for Editor in 0.00 ms.
Mono: successfully reloaded assembly
- Completed reload, in  1.466 seconds
Domain Reload Profiling:
	ReloadAssembly (1467ms)
		BeginReloadAssembly (175ms)
			ExecutionOrderSort (0ms)
			DisableScriptedObjects (11ms)
			BackupInstance (0ms)
			ReleaseScriptingObjects (0ms)
			CreateAndSetChildDomain (47ms)
		EndReloadAssembly (1135ms)
			LoadAssemblies (118ms)
			RebuildTransferFunctionScriptingTraits (0ms)
			SetupTypeCache (334ms)
			ReleaseScriptCaches (2ms)
			RebuildScriptCaches (64ms)
			SetupLoadedEditorAssemblies (543ms)
				LogAssemblyErrors (0ms)
				InitializePlatformSupportModulesInManaged (29ms)
				SetLoadedEditorAssemblies (1ms)
				RefreshPlugins (1ms)
				BeforeProcessingInitializeOnLoad (93ms)
				ProcessInitializeOnLoadAttributes (365ms)
				ProcessInitializeOnLoadMethodAttributes (51ms)
				AfterProcessingInitializeOnLoad (3ms)
				EditorAssembliesLoaded (0ms)
			ExecutionOrderSort2 (0ms)
			AwakeInstancesAfterBackupRestoration (9ms)
Platform modules already initialized, skipping
Refreshing native plugins compatible for Editor in 3.01 ms, found 4 plugins.
Preloading 0 native plugins for Editor in 0.00 ms.
Unloading 4399 Unused Serialized files (Serialized files now loaded: 0)
Unloading 32 unused Assets / (191.2 KB). Loaded Objects now: 4908.
Memory consumption went from 168.7 MB to 168.5 MB.
Total: 5.382763 ms (FindLiveObjects: 0.429178 ms CreateObjectMapping: 0.426068 ms MarkObjects: 4.312306 ms  DeleteObjects: 0.213967 ms)

AssetImportParameters requested are different than current active one (requested -> active):
  custom:video-decoder-ogg-theora: a1e56fd34408186e4bbccfd4996cb3dc -> 
  custom:container-muxer-webm: aa71ff27fc2769a1b78a27578f13a17b -> 
  custom:container-demuxer-webm: 4f35f7cbe854078d1ac9338744f61a02 -> 
  custom:video-encoder-webm-vp8: eb34c28f22e8b96e1ab97ce403110664 -> 
  custom:audio-encoder-webm-vorbis: bf7c407c2cedff20999df2af8eb42d56 -> 
  custom:framework-win-MediaFoundation: 216162199b28c13a410421893ffa2e32 -> 
  custom:container-demuxer-ogg: 62fdf1f143b41e24485cea50d1cbac27 -> 
  custom:video-decoder-webm-vp8: 9c59270c3fd7afecdb556c50c9e8de78 -> 
  custom:audio-decoder-ogg-vorbis: bf7c407c2cedff20999df2af8eb42d56 -> 
========================================================================
Received Import Request.
  Time since last request: 14.831855 seconds.
  path: Assets/Scripts/Enemies/EnemyAnimation.cs
  artifactKey: Guid(3d041192b32423540a1b44a8a1441f24) Importer(815301076,1909f56bfc062723c751e8b465ee728b)
Start importing Assets/Scripts/Enemies/EnemyAnimation.cs using Guid(3d041192b32423540a1b44a8a1441f24) Importer(815301076,1909f56bfc062723c751e8b465ee728b)  -> (artifact id: '18c27aa63137e9626370a9543e27d459') in 0.027392 seconds 
========================================================================
Received Prepare
Registering precompiled user dll's ...
Registered in 0.005022 seconds.
Begin MonoManager ReloadAssembly
Symbol file LoadedFromMemory doesn't match image E:\Unity\Projetos\Holy-Knight\Holy Knight\Library\PackageCache\com.unity.visualscripting@1.7.8\Editor\VisualScripting.Core\Dependencies\YamlDotNet\Unity.VisualScripting.YamlDotNet.dll
Symbol file LoadedFromMemory doesn't match image E:\Unity\Projetos\Holy-Knight\Holy Knight\Library\PackageCache\com.unity.visualscripting@1.7.8\Editor\VisualScripting.Core\Dependencies\DotNetZip\Unity.VisualScripting.IonicZip.dll
Native extension for WindowsStandalone target not found
Native extension for Android target not found
Native extension for WebGL target not found
Refreshing native plugins compatible for Editor in 1.07 ms, found 4 plugins.
Preloading 0 native plugins for Editor in 0.00 ms.
Mono: successfully reloaded assembly
- Completed reload, in  1.497 seconds
Domain Reload Profiling:
	ReloadAssembly (1498ms)
		BeginReloadAssembly (170ms)
			ExecutionOrderSort (0ms)
			DisableScriptedObjects (11ms)
			BackupInstance (0ms)
			ReleaseScriptingObjects (0ms)
			CreateAndSetChildDomain (45ms)
		EndReloadAssembly (1173ms)
			LoadAssemblies (111ms)
			RebuildTransferFunctionScriptingTraits (0ms)
			SetupTypeCache (364ms)
			ReleaseScriptCaches (2ms)
			RebuildScriptCaches (69ms)
			SetupLoadedEditorAssemblies (559ms)
				LogAssemblyErrors (0ms)
				InitializePlatformSupportModulesInManaged (27ms)
				SetLoadedEditorAssemblies (1ms)
				RefreshPlugins (1ms)
				BeforeProcessingInitializeOnLoad (94ms)
				ProcessInitializeOnLoadAttributes (382ms)
				ProcessInitializeOnLoadMethodAttributes (51ms)
				AfterProcessingInitializeOnLoad (3ms)
				EditorAssembliesLoaded (0ms)
			ExecutionOrderSort2 (0ms)
			AwakeInstancesAfterBackupRestoration (10ms)
Platform modules already initialized, skipping
Refreshing native plugins compatible for Editor in 5.56 ms, found 4 plugins.
Preloading 0 native plugins for Editor in 0.00 ms.
Unloading 4400 Unused Serialized files (Serialized files now loaded: 0)
Unloading 32 unused Assets / (190.1 KB). Loaded Objects now: 4912.
Memory consumption went from 168.7 MB to 168.5 MB.
Total: 4.617707 ms (FindLiveObjects: 0.394657 ms CreateObjectMapping: 0.190642 ms MarkObjects: 3.832435 ms  DeleteObjects: 0.197795 ms)

AssetImportParameters requested are different than current active one (requested -> active):
  custom:video-decoder-ogg-theora: a1e56fd34408186e4bbccfd4996cb3dc -> 
  custom:container-muxer-webm: aa71ff27fc2769a1b78a27578f13a17b -> 
  custom:container-demuxer-webm: 4f35f7cbe854078d1ac9338744f61a02 -> 
  custom:video-encoder-webm-vp8: eb34c28f22e8b96e1ab97ce403110664 -> 
  custom:audio-encoder-webm-vorbis: bf7c407c2cedff20999df2af8eb42d56 -> 
  custom:framework-win-MediaFoundation: 216162199b28c13a410421893ffa2e32 -> 
  custom:container-demuxer-ogg: 62fdf1f143b41e24485cea50d1cbac27 -> 
  custom:video-decoder-webm-vp8: 9c59270c3fd7afecdb556c50c9e8de78 -> 
  custom:audio-decoder-ogg-vorbis: bf7c407c2cedff20999df2af8eb42d56 -> 
========================================================================
Received Prepare
Registering precompiled user dll's ...
Registered in 0.015511 seconds.
Begin MonoManager ReloadAssembly
Symbol file LoadedFromMemory doesn't match image E:\Unity\Projetos\Holy-Knight\Holy Knight\Library\PackageCache\com.unity.visualscripting@1.7.8\Editor\VisualScripting.Core\Dependencies\YamlDotNet\Unity.VisualScripting.YamlDotNet.dll
Symbol file LoadedFromMemory doesn't match image E:\Unity\Projetos\Holy-Knight\Holy Knight\Library\PackageCache\com.unity.visualscripting@1.7.8\Editor\VisualScripting.Core\Dependencies\DotNetZip\Unity.VisualScripting.IonicZip.dll
Native extension for WindowsStandalone target not found
Native extension for Android target not found
Native extension for WebGL target not found
Refreshing native plugins compatible for Editor in 1.04 ms, found 4 plugins.
Preloading 0 native plugins for Editor in 0.00 ms.
Mono: successfully reloaded assembly
- Completed reload, in  2.080 seconds
Domain Reload Profiling:
	ReloadAssembly (2081ms)
		BeginReloadAssembly (258ms)
			ExecutionOrderSort (0ms)
			DisableScriptedObjects (20ms)
			BackupInstance (0ms)
			ReleaseScriptingObjects (0ms)
			CreateAndSetChildDomain (63ms)
		EndReloadAssembly (1642ms)
			LoadAssemblies (168ms)
			RebuildTransferFunctionScriptingTraits (0ms)
			SetupTypeCache (529ms)
			ReleaseScriptCaches (2ms)
			RebuildScriptCaches (65ms)
			SetupLoadedEditorAssemblies (762ms)
				LogAssemblyErrors (0ms)
				InitializePlatformSupportModulesInManaged (54ms)
				SetLoadedEditorAssemblies (1ms)
				RefreshPlugins (1ms)
				BeforeProcessingInitializeOnLoad (90ms)
				ProcessInitializeOnLoadAttributes (556ms)
				ProcessInitializeOnLoadMethodAttributes (57ms)
				AfterProcessingInitializeOnLoad (3ms)
				EditorAssembliesLoaded (0ms)
			ExecutionOrderSort2 (0ms)
			AwakeInstancesAfterBackupRestoration (10ms)
Platform modules already initialized, skipping
Refreshing native plugins compatible for Editor in 3.22 ms, found 4 plugins.
Preloading 0 native plugins for Editor in 0.00 ms.
Unloading 4400 Unused Serialized files (Serialized files now loaded: 0)
Unloading 32 unused Assets / (190.1 KB). Loaded Objects now: 4915.
Memory consumption went from 168.7 MB to 168.6 MB.
Total: 5.027603 ms (FindLiveObjects: 0.383461 ms CreateObjectMapping: 0.196240 ms MarkObjects: 4.230202 ms  DeleteObjects: 0.215211 ms)

AssetImportParameters requested are different than current active one (requested -> active):
  custom:video-decoder-ogg-theora: a1e56fd34408186e4bbccfd4996cb3dc -> 
  custom:container-muxer-webm: aa71ff27fc2769a1b78a27578f13a17b -> 
  custom:container-demuxer-webm: 4f35f7cbe854078d1ac9338744f61a02 -> 
  custom:video-encoder-webm-vp8: eb34c28f22e8b96e1ab97ce403110664 -> 
  custom:audio-encoder-webm-vorbis: bf7c407c2cedff20999df2af8eb42d56 -> 
  custom:framework-win-MediaFoundation: 216162199b28c13a410421893ffa2e32 -> 
  custom:container-demuxer-ogg: 62fdf1f143b41e24485cea50d1cbac27 -> 
  custom:video-decoder-webm-vp8: 9c59270c3fd7afecdb556c50c9e8de78 -> 
  custom:audio-decoder-ogg-vorbis: bf7c407c2cedff20999df2af8eb42d56 -> 
